2025-08-24 07:25:25,371 - INFO - Model Training & COMET ML initialized..
2025-08-24 07:25:25,502 - INFO - Data loaded sucesfully for Model Trainig
2025-08-24 07:25:25,526 - INFO - Loading configuration from config.yaml, config/config.yaml
2025-08-24 07:25:25,526 - ERROR - Error while reading YAML file
2025-08-24 07:25:25,526 - ERROR - Error in /Users/its_pritty_prit/Documents/MLOPS-PROJECT-2-1/src/base_model.py , line 13 : Error loading configuration
2025-08-24 07:28:06,200 - INFO - Model Training & COMET ML initialized..
2025-08-24 07:28:06,310 - INFO - Data loaded sucesfully for Model Trainig
2025-08-24 07:28:06,331 - INFO - Loading configuration from config.yaml, config/config.yaml
2025-08-24 07:28:06,332 - INFO - Succesfully read the YAML file
2025-08-24 07:28:06,333 - INFO - Loaded configuration from config.yaml config/config.yaml
2025-08-24 07:28:06,428 - INFO - Model created sucesfully....
2025-08-24 07:29:48,653 - INFO - Model training Completedd.....
2025-08-24 07:29:48,654 - WARNING - You are saving your model as an HDF5 file via `model.save()` or `keras.saving.save_model(model)`. This file format is considered legacy. We recommend using instead the native Keras format, e.g. `model.save('my_model.keras')` or `keras.saving.save_model(model, 'my_model.keras')`. 
2025-08-24 07:29:48,714 - INFO - Model saved to artifacts/model/model.h5
2025-08-24 07:29:48,716 - INFO - Extracting weights for user_embedding
2025-08-24 07:29:48,727 - INFO - Extracting weights for anime_embedding
2025-08-24 07:29:48,771 - INFO - User and Anime weights saved sucesfully....
2025-08-24 07:46:47,283 - INFO - DataProcessing Intialized
2025-08-24 07:46:48,168 - INFO - Data loaded sucesfully for Data Processing
2025-08-24 07:46:48,380 - INFO - Filtered users sucesfully...
2025-08-24 07:46:49,701 - INFO - Scalind done for Processing 
2025-08-24 07:46:49,856 - INFO - Encoding done for Users and Anime
2025-08-24 07:46:50,615 - INFO - Data splitted sucesfullyy
2025-08-24 07:46:50,629 - INFO - user2user_encoded saved sucesfully in processed directory
2025-08-24 07:46:50,639 - INFO - user2user_decoded saved sucesfully in processed directory
2025-08-24 07:46:50,677 - INFO - anim2anime_encoded saved sucesfully in processed directory
2025-08-24 07:46:50,713 - INFO - anim2anime_decoded saved sucesfully in processed directory
2025-08-24 07:46:57,855 - INFO - ALl the training testing data as well as rating_df is saved now..
2025-08-24 07:47:07,063 - INFO - DF AND SYNOPSIS_Df saved sucesfullyy...
2025-08-24 07:47:07,067 - INFO - Data Processing Pipeline Run sucesfully .... Congrats
2025-08-24 07:47:11,007 - INFO - Model Training & COMET ML initialized..
2025-08-24 07:47:11,115 - INFO - Data loaded sucesfully for Model Trainig
2025-08-24 07:47:11,143 - INFO - Loading configuration from config.yaml, config/config.yaml
2025-08-24 07:47:11,145 - INFO - Succesfully read the YAML file
2025-08-24 07:47:11,145 - INFO - Loaded configuration from config.yaml config/config.yaml
2025-08-24 07:47:11,226 - INFO - Model created sucesfully....
2025-08-24 07:48:54,641 - INFO - Model training Completedd.....
2025-08-24 07:48:54,642 - WARNING - You are saving your model as an HDF5 file via `model.save()` or `keras.saving.save_model(model)`. This file format is considered legacy. We recommend using instead the native Keras format, e.g. `model.save('my_model.keras')` or `keras.saving.save_model(model, 'my_model.keras')`. 
2025-08-24 07:48:54,698 - INFO - Model saved to artifacts/model/model.h5
2025-08-24 07:48:54,700 - INFO - Extracting weights for user_embedding
2025-08-24 07:48:54,705 - INFO - Extracting weights for anime_embedding
2025-08-24 07:48:54,760 - INFO - User and Anime weights saved sucesfully....
