2025-08-23 12:42:10,311 - INFO - DataProcessing Intialized
2025-08-23 12:42:11,249 - INFO - Data loaded sucesfully for Data Processing
2025-08-23 12:42:11,453 - INFO - Filtered users sucesfully...
2025-08-23 12:42:12,764 - INFO - Scalind done for Processing 
2025-08-23 12:42:12,904 - INFO - Encoding done for Users and Anime
2025-08-23 12:42:13,673 - INFO - Data splitted sucesfullyy
2025-08-23 12:42:13,685 - INFO - user2user_encoded saved sucesfully in processed directory
2025-08-23 12:42:13,695 - INFO - user2user_decoded saved sucesfully in processed directory
2025-08-23 12:42:13,735 - INFO - anim2anime_encoded saved sucesfully in processed directory
2025-08-23 12:42:13,776 - INFO - anim2anime_decoded saved sucesfully in processed directory
2025-08-23 12:42:20,640 - INFO - ALl the training testing data as well as rating_df is saved now..
2025-08-23 12:42:29,338 - INFO - DF AND SYNOPSIS_Df saved sucesfullyy...
2025-08-23 12:42:29,342 - INFO - Data Processing Pipeline Run sucesfully .... Congrats
2025-08-23 13:42:43,251 - INFO - Model Training & COMET ML initialized..
2025-08-23 13:42:43,397 - INFO - Data loaded sucesfully for Model Trainig
2025-08-23 13:42:43,424 - ERROR - Error while reading YAML file
2025-08-23 13:42:43,424 - ERROR - Error in /Users/its_pritty_prit/Documents/MLOPS-PROJECT-2-1/src/base_model.py , line 12 : Error loading configuration
2025-08-23 14:07:33,254 - INFO - DataProcessing Intialized
2025-08-23 14:07:34,163 - INFO - Data loaded sucesfully for Data Processing
2025-08-23 14:07:34,364 - INFO - Filtered users sucesfully...
2025-08-23 14:07:35,664 - INFO - Scalind done for Processing 
2025-08-23 14:07:35,805 - INFO - Encoding done for Users and Anime
2025-08-23 14:07:36,537 - INFO - Data splitted sucesfullyy
2025-08-23 14:07:36,556 - INFO - user2user_encoded saved sucesfully in processed directory
2025-08-23 14:07:36,566 - INFO - user2user_decoded saved sucesfully in processed directory
2025-08-23 14:07:36,602 - INFO - anim2anime_encoded saved sucesfully in processed directory
2025-08-23 14:07:36,640 - INFO - anim2anime_decoded saved sucesfully in processed directory
2025-08-23 14:07:43,324 - INFO - ALl the training testing data as well as rating_df is saved now..
2025-08-23 14:07:51,912 - INFO - DF AND SYNOPSIS_Df saved sucesfullyy...
2025-08-23 14:07:51,916 - INFO - Data Processing Pipeline Run sucesfully .... Congrats
2025-08-23 14:08:21,405 - INFO - Model Training & COMET ML initialized..
2025-08-23 14:08:21,518 - INFO - Data loaded sucesfully for Model Trainig
2025-08-23 14:08:21,543 - ERROR - Error while reading YAML file
2025-08-23 14:08:21,544 - ERROR - Error in /Users/its_pritty_prit/Documents/MLOPS-PROJECT-2-1/src/base_model.py , line 12 : Error loading configuration
