2025-08-25 17:12:26,341 - INFO - DataProcessing Intialized
2025-08-25 17:12:27,245 - INFO - Data loaded sucesfully for Data Processing
2025-08-25 17:12:27,660 - INFO - Filtered users sucesfully...
2025-08-25 17:12:28,975 - INFO - Scalind done for Processing 
2025-08-25 17:12:29,123 - INFO - Encoding done for Users and Anime
2025-08-25 17:12:30,100 - INFO - Data splitted sucesfullyy
2025-08-25 17:12:30,113 - INFO - user2user_encoded saved sucesfully in processed directory
2025-08-25 17:12:30,124 - INFO - user2user_decoded saved sucesfully in processed directory
2025-08-25 17:12:30,163 - INFO - anim2anime_encoded saved sucesfully in processed directory
2025-08-25 17:12:30,199 - INFO - anim2anime_decoded saved sucesfully in processed directory
2025-08-25 17:12:36,751 - INFO - ALl the training testing data as well as rating_df is saved now..
2025-08-25 17:12:46,133 - INFO - DF AND SYNOPSIS_Df saved sucesfullyy...
2025-08-25 17:12:46,137 - INFO - Data Processing Pipeline Run sucesfully .... Congrats
2025-08-25 17:12:50,338 - INFO - Model Training & COMET ML initialized..
2025-08-25 17:12:50,456 - INFO - Data loaded sucesfully for Model Trainig
2025-08-25 17:12:50,481 - INFO - Loading configuration from config.yaml, config/config.yaml
2025-08-25 17:12:50,485 - INFO - Succesfully read the YAML file
2025-08-25 17:12:50,485 - INFO - Loaded configuration from config.yaml config/config.yaml
2025-08-25 17:12:50,657 - INFO - Model created sucesfully....
2025-08-25 17:14:41,306 - INFO - Model training Completedd.....
2025-08-25 17:14:41,307 - WARNING - You are saving your model as an HDF5 file via `model.save()` or `keras.saving.save_model(model)`. This file format is considered legacy. We recommend using instead the native Keras format, e.g. `model.save('my_model.keras')` or `keras.saving.save_model(model, 'my_model.keras')`. 
2025-08-25 17:14:41,391 - INFO - Model saved to artifacts/model/model.h5
2025-08-25 17:14:41,403 - INFO - Extracting weights for user_embedding
2025-08-25 17:14:41,409 - INFO - Extracting weights for anime_embedding
2025-08-25 17:14:41,483 - INFO - User and Anime weights saved sucesfully....
