2025-08-21 21:12:54,489 - INFO - Succesfully read the YAML file
2025-08-21 21:12:54,489 - INFO - Data Ingestion Started....
2025-08-21 21:12:54,489 - INFO - Starting Data Ingestion Process....
2025-08-21 21:13:03,480 - ERROR - Error while downloading data from GCP
2025-08-21 21:13:03,480 - ERROR - CustomException : Error in /Users/its_pritty_prit/Documents/MLOPS-PROJECT-2-1/src/data_ingestion.py , line 24 : Failed to download data
2025-08-21 21:13:03,480 - INFO - Data Ingestion DONE...
2025-08-21 21:14:15,445 - INFO - Succesfully read the YAML file
2025-08-21 21:14:15,445 - INFO - Data Ingestion Started....
2025-08-21 21:14:15,445 - INFO - Starting Data Ingestion Process....
2025-08-21 21:14:24,414 - ERROR - Error while downloading data from GCP
2025-08-21 21:14:24,415 - ERROR - CustomException : Error in /Users/its_pritty_prit/Documents/MLOPS-PROJECT-2-1/src/data_ingestion.py , line 24 : Failed to download data
2025-08-21 21:14:24,415 - INFO - Data Ingestion DONE...
2025-08-21 21:22:14,658 - INFO - Succesfully read the YAML file
2025-08-21 21:22:14,658 - INFO - Data Ingestion Started....
2025-08-21 21:22:14,658 - INFO - Starting Data Ingestion Process....
2025-08-21 21:22:23,756 - ERROR - Error while downloading data from GCP
2025-08-21 21:22:23,756 - ERROR - CustomException : Error in /Users/its_pritty_prit/Documents/MLOPS-PROJECT-2-1/src/data_ingestion.py , line 24 : Failed to download data
2025-08-21 21:22:23,756 - INFO - Data Ingestion DONE...
2025-08-21 21:30:08,044 - INFO - Succesfully read the YAML file
2025-08-21 21:30:08,044 - INFO - Data Ingestion Started....
2025-08-21 21:30:08,045 - INFO - Starting Data Ingestion Process....
2025-08-21 21:30:17,133 - ERROR - Error while downloading data from GCP
2025-08-21 21:30:17,133 - ERROR - CustomException : Error in /Users/its_pritty_prit/Documents/MLOPS-PROJECT-2-1/src/data_ingestion.py , line 24 : Failed to download data
2025-08-21 21:30:17,134 - INFO - Data Ingestion DONE...
2025-08-21 21:48:04,846 - INFO - Succesfully read the YAML file
2025-08-21 21:48:04,846 - INFO - Data Ingestion Started....
2025-08-21 21:48:04,846 - INFO - Starting Data Ingestion Process....
2025-08-21 21:48:06,313 - INFO - Downloading Smaller Files ie anime and anime_with synopsis
2025-08-21 21:48:06,597 - INFO - Downloading Smaller Files ie anime and anime_with synopsis
2025-08-21 21:48:51,010 - INFO - Large file detected Only downloading 5M rows
2025-08-21 21:48:51,025 - INFO - Data Ingestion Completed...
2025-08-21 21:48:51,025 - INFO - Data Ingestion DONE...
